# JRE version: OpenJDK Runtime Environment Temurin-17.0.4+8 (17.0.4+8) (build 17.0.4+8)
# Java VM: OpenJDK 64-Bit Server VM Temurin-17.0.4+8 (17.0.4+8, mixed mode, emulated-client, tiered, compressed oops, compressed class ptrs, g1 gc, windows-amd64)
GC Precious Log:
 CPUs: 12 total, 12 available
 Memory: 16282M
 Large Page Support: Disabled
 NUMA Support: Disabled
 Compressed Oops: Enabled (Zero based)
 Heap Region Size: 2M
 Heap Min Capacity: 8M
 Heap Initial Capacity: 256M
 Heap Max Capacity: 4072M
 Pre-touch: Disabled
 Parallel Workers: 10
 Concurrent Workers: 3
 Concurrent Refinement Workers: 10
 Periodic GC: Disabled
Heap:
 garbage-first heap   total 96256K, used 26655K [0x0000000701800000, 0x0000000800000000)
  region size 2048K, 1 young (2048K), 0 survivors (0K)
 Metaspace       used 46245K, committed 46720K, reserved 1089536K
  class space    used 6283K, committed 6464K, reserved 1048576K
GC Heap History (20 events):
Event: 4536.278 GC heap before
{Heap before GC invocations=449 (full 425):
 garbage-first heap   total 96256K, used 26655K [0x0000000701800000, 0x0000000800000000)
  region size 2048K, 1 young (2048K), 0 survivors (0K)
 Metaspace       used 46245K, committed 46720K, reserved 1089536K
  class space    used 6283K, committed 6464K, reserved 1048576K
}
Event: 4536.309 GC heap after
{Heap after GC invocations=450 (full 426):
 garbage-first heap   total 96256K, used 26655K [0x0000000701800000, 0x0000000800000000)
  region size 2048K, 0 young (0K), 0 survivors (0K)
 Metaspace       used 46245K, committed 46720K, reserved 1089536K
  class space    used 6283K, committed 6464K, reserved 1048576K
}
Event: 4546.587 GC heap before
{Heap before GC invocations=450 (full 426):
 garbage-first heap   total 96256K, used 26655K [0x0000000701800000, 0x0000000800000000)
  region size 2048K, 1 young (2048K), 0 survivors (0K)
 Metaspace       used 46245K, committed 46720K, reserved 1089536K
  class space    used 6283K, committed 6464K, reserved 1048576K
}
Event: 4546.615 GC heap after
{Heap after GC invocations=451 (full 427):
 garbage-first heap   total 96256K, used 26655K [0x0000000701800000, 0x0000000800000000)
  region size 2048K, 0 young (0K), 0 survivors (0K)
 Metaspace       used 46245K, committed 46720K, reserved 1089536K
  class space    used 6283K, committed 6464K, reserved 1048576K
}
Event: 4556.944 GC heap before
{Heap before GC invocations=451 (full 427):
 garbage-first heap   total 96256K, used 26655K [0x0000000701800000, 0x0000000800000000)
  region size 2048K, 1 young (2048K), 0 survivors (0K)
 Metaspace       used 46245K, committed 46720K, reserved 1089536K
  class space    used 6283K, committed 6464K, reserved 1048576K
}
Event: 4556.971 GC heap after
{Heap after GC invocations=452 (full 428):
 garbage-first heap   total 96256K, used 26655K [0x0000000701800000, 0x0000000800000000)
  region size 2048K, 0 young (0K), 0 survivors (0K)
 Metaspace       used 46245K, committed 46720K, reserved 1089536K
  class space    used 6283K, committed 6464K, reserved 1048576K
}
Event: 4567.327 GC heap before
{Heap before GC invocations=452 (full 428):
 garbage-first heap   total 96256K, used 26655K [0x0000000701800000, 0x0000000800000000)
  region size 2048K, 1 young (2048K), 0 survivors (0K)
 Metaspace       used 46245K, committed 46720K, reserved 1089536K
  class space    used 6283K, committed 6464K, reserved 1048576K
}
Event: 4567.362 GC heap after
{Heap after GC invocations=453 (full 429):
 garbage-first heap   total 96256K, used 26655K [0x0000000701800000, 0x0000000800000000)
  region size 2048K, 0 young (0K), 0 survivors (0K)
 Metaspace       used 46245K, committed 46720K, reserved 1089536K
  class space    used 6283K, committed 6464K, reserved 1048576K
}
Event: 4577.648 GC heap before
{Heap before GC invocations=453 (full 429):
 garbage-first heap   total 96256K, used 26655K [0x0000000701800000, 0x0000000800000000)
  region size 2048K, 1 young (2048K), 0 survivors (0K)
 Metaspace       used 46245K, committed 46720K, reserved 1089536K
  class space    used 6283K, committed 6464K, reserved 1048576K
}
Event: 4577.674 GC heap after
{Heap after GC invocations=454 (full 430):
 garbage-first heap   total 96256K, used 26655K [0x0000000701800000, 0x0000000800000000)
  region size 2048K, 0 young (0K), 0 survivors (0K)
 Metaspace       used 46245K, committed 46720K, reserved 1089536K
  class space    used 6283K, committed 6464K, reserved 1048576K
}
Event: 4587.941 GC heap before
{Heap before GC invocations=454 (full 430):
 garbage-first heap   total 96256K, used 26655K [0x0000000701800000, 0x0000000800000000)
  region size 2048K, 1 young (2048K), 0 survivors (0K)
 Metaspace       used 46245K, committed 46720K, reserved 1089536K
  class space    used 6283K, committed 6464K, reserved 1048576K
}
Event: 4587.967 GC heap after
{Heap after GC invocations=455 (full 431):
 garbage-first heap   total 96256K, used 26655K [0x0000000701800000, 0x0000000800000000)
  region size 2048K, 0 young (0K), 0 survivors (0K)
 Metaspace       used 46245K, committed 46720K, reserved 1089536K
  class space    used 6283K, committed 6464K, reserved 1048576K
}
Event: 4598.240 GC heap before
{Heap before GC invocations=455 (full 431):
 garbage-first heap   total 96256K, used 26655K [0x0000000701800000, 0x0000000800000000)
  region size 2048K, 1 young (2048K), 0 survivors (0K)
 Metaspace       used 46245K, committed 46720K, reserved 1089536K
  class space    used 6283K, committed 6464K, reserved 1048576K
}
Event: 4598.266 GC heap after
{Heap after GC invocations=456 (full 432):
 garbage-first heap   total 96256K, used 26655K [0x0000000701800000, 0x0000000800000000)
  region size 2048K, 0 young (0K), 0 survivors (0K)
 Metaspace       used 46245K, committed 46720K, reserved 1089536K
  class space    used 6283K, committed 6464K, reserved 1048576K
}
Event: 4608.537 GC heap before
{Heap before GC invocations=456 (full 432):
 garbage-first heap   total 96256K, used 26655K [0x0000000701800000, 0x0000000800000000)
  region size 2048K, 1 young (2048K), 0 survivors (0K)
 Metaspace       used 46245K, committed 46720K, reserved 1089536K
  class space    used 6283K, committed 6464K, reserved 1048576K
}
Event: 4608.563 GC heap after
{Heap after GC invocations=457 (full 433):
 garbage-first heap   total 96256K, used 26655K [0x0000000701800000, 0x0000000800000000)
  region size 2048K, 0 young (0K), 0 survivors (0K)
 Metaspace       used 46245K, committed 46720K, reserved 1089536K
  class space    used 6283K, committed 6464K, reserved 1048576K
}
Event: 4619.026 GC heap before
{Heap before GC invocations=457 (full 433):
 garbage-first heap   total 96256K, used 26655K [0x0000000701800000, 0x0000000800000000)
  region size 2048K, 1 young (2048K), 0 survivors (0K)
 Metaspace       used 46245K, committed 46720K, reserved 1089536K
  class space    used 6283K, committed 6464K, reserved 1048576K
}
Event: 4619.052 GC heap after
{Heap after GC invocations=458 (full 434):
 garbage-first heap   total 96256K, used 26655K [0x0000000701800000, 0x0000000800000000)
  region size 2048K, 0 young (0K), 0 survivors (0K)
 Metaspace       used 46245K, committed 46720K, reserved 1089536K
  class space    used 6283K, committed 6464K, reserved 1048576K
}
Event: 4629.341 GC heap before
{Heap before GC invocations=458 (full 434):
 garbage-first heap   total 96256K, used 26655K [0x0000000701800000, 0x0000000800000000)
  region size 2048K, 1 young (2048K), 0 survivors (0K)
 Metaspace       used 46245K, committed 46720K, reserved 1089536K
  class space    used 6283K, committed 6464K, reserved 1048576K
}
Event: 4629.370 GC heap after
{Heap after GC invocations=459 (full 435):
 garbage-first heap   total 96256K, used 26655K [0x0000000701800000, 0x0000000800000000)
  region size 2048K, 0 young (0K), 0 survivors (0K)
 Metaspace       used 46245K, committed 46720K, reserved 1089536K
  class space    used 6283K, committed 6464K, reserved 1048576K
}

